<?xml version="1.0" encoding="UTF-8"?>
<testsuite name="com.codestates.GitHubrequirements.GitHubRequirementsApplicationTests" tests="1" skipped="0" failures="0" errors="0" timestamp="2022-10-21T08:44:11" hostname="bagchanhyeon-ui-MacBookAir.local" time="0.131">
  <properties/>
  <testcase name="contextLoads()" classname="com.codestates.GitHubrequirements.GitHubRequirementsApplicationTests" time="0.131"/>
  <system-out><![CDATA[17:44:10.589 [Test worker] DEBUG org.springframework.test.context.BootstrapUtils - Instantiating CacheAwareContextLoaderDelegate from class [org.springframework.test.context.cache.DefaultCacheAwareContextLoaderDelegate]
17:44:10.594 [Test worker] DEBUG org.springframework.test.context.BootstrapUtils - Instantiating BootstrapContext using constructor [public org.springframework.test.context.support.DefaultBootstrapContext(java.lang.Class,org.springframework.test.context.CacheAwareContextLoaderDelegate)]
17:44:10.616 [Test worker] DEBUG org.springframework.test.context.BootstrapUtils - Instantiating TestContextBootstrapper for test class [com.codestates.GitHubrequirements.GitHubRequirementsApplicationTests] from class [org.springframework.boot.test.context.SpringBootTestContextBootstrapper]
17:44:10.621 [Test worker] INFO org.springframework.boot.test.context.SpringBootTestContextBootstrapper - Neither @ContextConfiguration nor @ContextHierarchy found for test class [com.codestates.GitHubrequirements.GitHubRequirementsApplicationTests], using SpringBootContextLoader
17:44:10.622 [Test worker] DEBUG org.springframework.test.context.support.AbstractContextLoader - Did not detect default resource location for test class [com.codestates.GitHubrequirements.GitHubRequirementsApplicationTests]: class path resource [com/codestates/GitHubrequirements/GitHubRequirementsApplicationTests-context.xml] does not exist
17:44:10.623 [Test worker] DEBUG org.springframework.test.context.support.AbstractContextLoader - Did not detect default resource location for test class [com.codestates.GitHubrequirements.GitHubRequirementsApplicationTests]: class path resource [com/codestates/GitHubrequirements/GitHubRequirementsApplicationTestsContext.groovy] does not exist
17:44:10.623 [Test worker] INFO org.springframework.test.context.support.AbstractContextLoader - Could not detect default resource locations for test class [com.codestates.GitHubrequirements.GitHubRequirementsApplicationTests]: no resource found for suffixes {-context.xml, Context.groovy}.
17:44:10.623 [Test worker] INFO org.springframework.test.context.support.AnnotationConfigContextLoaderUtils - Could not detect default configuration classes for test class [com.codestates.GitHubrequirements.GitHubRequirementsApplicationTests]: GitHubRequirementsApplicationTests does not declare any static, non-private, non-final, nested classes annotated with @Configuration.
17:44:10.652 [Test worker] DEBUG org.springframework.test.context.support.ActiveProfilesUtils - Could not find an 'annotation declaring class' for annotation type [org.springframework.test.context.ActiveProfiles] and class [com.codestates.GitHubrequirements.GitHubRequirementsApplicationTests]
17:44:10.680 [Test worker] DEBUG org.springframework.context.annotation.ClassPathScanningCandidateComponentProvider - Identified candidate component class: file [/Users/bonoo/github-assignment/build/classes/java/main/com/codestates/GitHubrequirements/GitHubRequirementsApplication.class]
17:44:10.682 [Test worker] INFO org.springframework.boot.test.context.SpringBootTestContextBootstrapper - Found @SpringBootConfiguration com.codestates.GitHubrequirements.GitHubRequirementsApplication for test class com.codestates.GitHubrequirements.GitHubRequirementsApplicationTests
17:44:10.730 [Test worker] DEBUG org.springframework.boot.test.context.SpringBootTestContextBootstrapper - @TestExecutionListeners is not present for class [com.codestates.GitHubrequirements.GitHubRequirementsApplicationTests]: using defaults.
17:44:10.731 [Test worker] INFO org.springframework.boot.test.context.SpringBootTestContextBootstrapper - Loaded default TestExecutionListener class names from location [META-INF/spring.factories]: [org.springframework.boot.test.autoconfigure.restdocs.RestDocsTestExecutionListener, org.springframework.boot.test.autoconfigure.web.client.MockRestServiceServerResetTestExecutionListener, org.springframework.boot.test.autoconfigure.web.servlet.MockMvcPrintOnlyOnFailureTestExecutionListener, org.springframework.boot.test.autoconfigure.web.servlet.WebDriverTestExecutionListener, org.springframework.boot.test.autoconfigure.webservices.client.MockWebServiceServerTestExecutionListener, org.springframework.boot.test.mock.mockito.MockitoTestExecutionListener, org.springframework.boot.test.mock.mockito.ResetMocksTestExecutionListener, org.springframework.test.context.web.ServletTestExecutionListener, org.springframework.test.context.support.DirtiesContextBeforeModesTestExecutionListener, org.springframework.test.context.event.ApplicationEventsTestExecutionListener, org.springframework.test.context.support.DependencyInjectionTestExecutionListener, org.springframework.test.context.support.DirtiesContextTestExecutionListener, org.springframework.test.context.transaction.TransactionalTestExecutionListener, org.springframework.test.context.jdbc.SqlScriptsTestExecutionListener, org.springframework.test.context.event.EventPublishingTestExecutionListener]
17:44:10.738 [Test worker] DEBUG org.springframework.boot.test.context.SpringBootTestContextBootstrapper - Skipping candidate TestExecutionListener [org.springframework.test.context.transaction.TransactionalTestExecutionListener] due to a missing dependency. Specify custom listener classes or make the default listener classes and their required dependencies available. Offending class: [org/springframework/transaction/interceptor/TransactionAttributeSource]
17:44:10.738 [Test worker] DEBUG org.springframework.boot.test.context.SpringBootTestContextBootstrapper - Skipping candidate TestExecutionListener [org.springframework.test.context.jdbc.SqlScriptsTestExecutionListener] due to a missing dependency. Specify custom listener classes or make the default listener classes and their required dependencies available. Offending class: [org/springframework/transaction/interceptor/TransactionAttribute]
17:44:10.738 [Test worker] INFO org.springframework.boot.test.context.SpringBootTestContextBootstrapper - Using TestExecutionListeners: [org.springframework.test.context.web.ServletTestExecutionListener@24be2d9c, org.springframework.test.context.support.DirtiesContextBeforeModesTestExecutionListener@5bd73d1a, org.springframework.test.context.event.ApplicationEventsTestExecutionListener@aec50a1, org.springframework.boot.test.mock.mockito.MockitoTestExecutionListener@2555fff0, org.springframework.boot.test.autoconfigure.SpringBootDependencyInjectionTestExecutionListener@70d2e40b, org.springframework.test.context.support.DirtiesContextTestExecutionListener@120f38e6, org.springframework.test.context.event.EventPublishingTestExecutionListener@7a0e1b5e, org.springframework.boot.test.autoconfigure.restdocs.RestDocsTestExecutionListener@702ed190, org.springframework.boot.test.autoconfigure.web.client.MockRestServiceServerResetTestExecutionListener@173b9122, org.springframework.boot.test.autoconfigure.web.servlet.MockMvcPrintOnlyOnFailureTestExecutionListener@7c18432b, org.springframework.boot.test.autoconfigure.web.servlet.WebDriverTestExecutionListener@7646731d, org.springframework.boot.test.autoconfigure.webservices.client.MockWebServiceServerTestExecutionListener@70e29e14, org.springframework.boot.test.mock.mockito.ResetMocksTestExecutionListener@3b1bb3ab]
17:44:10.740 [Test worker] DEBUG org.springframework.test.context.support.AbstractDirtiesContextTestExecutionListener - Before test class: context [DefaultTestContext@6c4f9535 testClass = GitHubRequirementsApplicationTests, testInstance = [null], testMethod = [null], testException = [null], mergedContextConfiguration = [WebMergedContextConfiguration@5bd1ceca testClass = GitHubRequirementsApplicationTests, locations = '{}', classes = '{class com.codestates.GitHubrequirements.GitHubRequirementsApplication}', contextInitializerClasses = '[]', activeProfiles = '{}', propertySourceLocations = '{}', propertySourceProperties = '{org.springframework.boot.test.context.SpringBootTestContextBootstrapper=true}', contextCustomizers = set[org.springframework.boot.test.autoconfigure.actuate.metrics.MetricsExportContextCustomizerFactory$DisableMetricExportContextCustomizer@4ba302e0, org.springframework.boot.test.autoconfigure.properties.PropertyMappingContextCustomizer@0, org.springframework.boot.test.autoconfigure.web.servlet.WebDriverContextCustomizerFactory$Customizer@72ea6193, org.springframework.boot.test.context.filter.ExcludeFilterContextCustomizer@6b44435b, org.springframework.boot.test.json.DuplicateJsonObjectContextCustomizerFactory$DuplicateJsonObjectContextCustomizer@3542162a, org.springframework.boot.test.mock.mockito.MockitoContextCustomizer@0, org.springframework.boot.test.web.client.TestRestTemplateContextCustomizer@7e22550a, org.springframework.boot.test.context.SpringBootTestArgs@1, org.springframework.boot.test.context.SpringBootTestWebEnvironment@5c86dbc5], resourceBasePath = 'src/main/webapp', contextLoader = 'org.springframework.boot.test.context.SpringBootContextLoader', parent = [null]], attributes = map['org.springframework.test.context.web.ServletTestExecutionListener.activateListener' -> true]], class annotated with @DirtiesContext [false] with mode [null].

  .   ____          _            __ _ _
 /\\ / ___'_ __ _ _(_)_ __  __ _ \ \ \ \
( ( )\___ | '_ | '_| | '_ \/ _` | \ \ \ \
 \\/  ___)| |_)| | | | | || (_| |  ) ) ) )
  '  |____| .__|_| |_|_| |_\__, | / / / /
 =========|_|==============|___/=/_/_/_/
 :: Spring Boot ::                (v2.7.5)

2022-10-21 17:44:11.076  INFO 4418 --- [    Test worker] c.c.G.GitHubRequirementsApplicationTests : Starting GitHubRequirementsApplicationTests using Java 11.0.16.1 on bagchanhyeon-ui-MacBookAir.local with PID 4418 (started by bonoo in /Users/bonoo/github-assignment)
2022-10-21 17:44:11.077  INFO 4418 --- [    Test worker] c.c.G.GitHubRequirementsApplicationTests : No active profile set, falling back to 1 default profile: "default"
2022-10-21 17:44:11.658  INFO 4418 --- [    Test worker] c.c.G.GitHubRequirementsApplicationTests : Started GitHubRequirementsApplicationTests in 0.902 seconds (JVM running for 1.465)
]]></system-out>
  <system-err><![CDATA[]]></system-err>
</testsuite>
